book=1107542 chars, K=80, val_chunk=55377 chars
[benchmark] gradient speed ...
{
  "repeats": 400,
  "slow_onehot_s": 0.5316756199990778,
  "fast_indexed_s": 0.42403962800017325,
  "torch_s": 0.9120609229994443,
  "speedup_fast_vs_slow": 1.2538347477251832,
  "ratio_slow_vs_torch": 0.5829387123072717,
  "ratio_fast_vs_torch": 0.4649246747746385
}
[train_compare] strategies ...
[train] sequential ...
[train] random_chunks ...
[train] random_position ...
[train] random_position_batch8 ...
[sampling] temperature & nucleus ...
[sampling] loaded checkpoint with K=80 (vocab from checkpoint/vocab file)
[sampling] low_T0.5:  . . ."
"They," said George you be the trees, who was several out of gat the tried a door as the carrick one of the grou...
[sampling] medium_T1.0:  . So what withed hurs of Ard did nonstewing to sean.  Their priding back tcanesles and ilvery?"  said Hermione, and sev...
[sampling] high_T1.5:   Wan!  FuentagS Ffan; he Hog's schoolf," was uftios.
"Thurures prampan. . ." said's in?"
"I 
Though two'cledled whather...
[sampling] low_theta0.5:   "You're got to see do your came one of the student the stumping of the stumping of the comenter of shouted to should o...
[sampling] medium_theta0.9:   "Harry, be moling into and the chortched out ener a large, now mores and flouden make got in the and have fasmed the h...
[sampling] high_theta0.99: "
"Ducmacly bet onet me not allight do devent of the Groffice were looked shogie.  Flether stop who's newill dedors's hi...
Saved /home/reticent/Desktop/kth study/DD2424 Deep Learning in Data Science/assignment4/results_bonus/bonus_results.json

